C51 COMPILER V9.54   74HC138                                                               02/08/2026 14:27:45 PAGE 1   


C51 COMPILER V9.54, COMPILATION OF MODULE 74HC138
OBJECT MODULE PLACED IN .\Objects\74hc138.obj
COMPILER INVOKED BY: C:\Keil_v5\C51\BIN\C51.EXE hardware\74hc138.c OPTIMIZE(8,SPEED) BROWSE INCDIR(.\hardware) DEBUG OBJ
                    -ECTEXTEND PRINT(.\Listings\74hc138.lst) TABS(2) OBJECT(.\Objects\74hc138.obj)

line level    source

   1          #include "74hc138.h"
   2          
   3          void hc138_select(uint8_t n)
   4          {
   5   1        switch(n)
   6   1        {
   7   2          case 4:
   8   2            P2 = (P2&0x1f) | 0x80;
   9   2            break;
  10   2          case 5:
  11   2            P2 = (P2&0x1f) | 0xa0;
  12   2            break;
  13   2          case 6:
  14   2            P2 = (P2&0x1f) | 0xc0;
  15   2            break;
  16   2          case 7:
  17   2            P2 = (P2&0x1f) | 0xe0;
  18   2            break;
  19   2          default:
  20   2            P2 = (P2&0x1f);
  21   2            break;
  22   2        }
  23   1      
  24   1      }
  25          
  26          void sys_init(void)
  27          {
  28   1        P0 = 0xff;
  29   1        hc138_select(4);
  30   1        
  31   1        P0 = 0xaf;
  32   1        hc138_select(5);
  33   1        
  34   1        P0 = 0xff;
  35   1        hc138_select(6);
  36   1      
  37   1        P0 = 0xff;
  38   1        hc138_select(7);  
  39   1      }


MODULE INFORMATION:   STATIC OVERLAYABLE
   CODE SIZE        =     84    ----
   CONSTANT SIZE    =   ----    ----
   XDATA SIZE       =   ----    ----
   PDATA SIZE       =   ----    ----
   DATA SIZE        =   ----    ----
   IDATA SIZE       =   ----    ----
   BIT SIZE         =   ----    ----
END OF MODULE INFORMATION.


C51 COMPILATION COMPLETE.  0 WARNING(S),  0 ERROR(S)
