C51 COMPILER V9.54   DS1302                                                                02/08/2026 14:52:31 PAGE 1   


C51 COMPILER V9.54, COMPILATION OF MODULE DS1302
OBJECT MODULE PLACED IN .\Objects\ds1302.obj
COMPILER INVOKED BY: C:\Keil_v5\C51\BIN\C51.EXE hardware\ds1302.c OPTIMIZE(8,SPEED) BROWSE INCDIR(.\hardware) DEBUG OBJE
                    -CTEXTEND PRINT(.\Listings\ds1302.lst) TABS(2) OBJECT(.\Objects\ds1302.obj)

line level    source

   1          /*  #   DS1302д»Јз ҒзүҮж®өиҜҙжҳҺ
   2            1.  жң¬ж–Үд»¶еӨ№дёӯжҸҗдҫӣзҡ„й©ұеҠЁд»Јз ҒдҫӣеҸӮиөӣйҖүжүӢе®ҢжҲҗзЁӢеәҸи®ҫи®ЎеҸӮиҖғгҖӮ
   3            2.  еҸӮиөӣйҖүжүӢеҸҜд»ҘиҮӘиЎҢзј–еҶҷзӣёе…ід»Јз ҒжҲ–д»ҘиҜҘд»Јз ҒдёәеҹәзЎҖпјҢж №жҚ®жүҖйҖүеҚ•зүҮжңәзұ»еһӢгҖҒиҝ
             -җиЎҢйҖҹеәҰе’ҢиҜ•йўҳ
   4              дёӯеҜ№еҚ•зүҮжңәж—¶й’ҹйў‘зҺҮзҡ„иҰҒжұӮпјҢиҝӣиЎҢд»Јз Ғи°ғиҜ•е’Ңдҝ®ж”№гҖӮ
   5          */                
   6          #include "ds1302.h"
   7          //
   8          sbit SCK = P1^7;
   9          sbit SDA = P2^3;
  10          sbit RST = P1^3;
  11          
  12          void Write_Ds1302(unsigned  char temp) 
  13          {
  14   1        unsigned char i;
  15   1        for (i=0;i<8;i++)       
  16   1        { 
  17   2          SCK = 0;
  18   2          SDA = temp&0x01;
  19   2          temp>>=1; 
  20   2          SCK=1;
  21   2        }
  22   1      }   
  23          
  24          //
  25          void Write_Ds1302_Byte( unsigned char address,unsigned char dat )     
  26          {
  27   1        RST=0;  _nop_();
  28   1        SCK=0;  _nop_();
  29   1        RST=1;  _nop_();  
  30   1        Write_Ds1302(address);  
  31   1        Write_Ds1302(dat);    
  32   1        RST=0; 
  33   1      }
  34          
  35          //
  36          unsigned char Read_Ds1302_Byte ( unsigned char address )
  37          {
  38   1        unsigned char i,temp=0x00;
  39   1        RST=0;  _nop_();
  40   1        SCK=0;  _nop_();
  41   1        RST=1;  _nop_();
  42   1        Write_Ds1302(address);
  43   1        for (i=0;i<8;i++)   
  44   1        {   
  45   2          SCK=0;
  46   2          temp>>=1; 
  47   2          if(SDA)
  48   2          temp|=0x80; 
  49   2          SCK=1;
  50   2        } 
  51   1        RST=0;  _nop_();
  52   1        SCK=0;  _nop_();
  53   1        SCK=1;  _nop_();
C51 COMPILER V9.54   DS1302                                                                02/08/2026 14:52:31 PAGE 2   

  54   1        SDA=0;  _nop_();
  55   1        SDA=1;  _nop_();
  56   1        return (temp);      
  57   1      }
  58          
  59          void readtime(uint8_t time[])
  60          {
  61   1        uint8_t temp = 0;
  62   1        temp = Read_Ds1302_Byte(0x85);
  63   1        time[0] = temp / 16 * 10 + temp % 16;
  64   1        temp = Read_Ds1302_Byte(0x83);
  65   1        time[1] = temp / 16 * 10 + temp % 16;
  66   1        temp = Read_Ds1302_Byte(0x81);
  67   1        time[2] = temp / 16 * 10 + temp % 16;
  68   1      }


MODULE INFORMATION:   STATIC OVERLAYABLE
   CODE SIZE        =    160    ----
   CONSTANT SIZE    =   ----    ----
   XDATA SIZE       =   ----    ----
   PDATA SIZE       =   ----    ----
   DATA SIZE        =   ----    ----
   IDATA SIZE       =   ----    ----
   BIT SIZE         =   ----    ----
END OF MODULE INFORMATION.


C51 COMPILATION COMPLETE.  0 WARNING(S),  0 ERROR(S)
