C51 COMPILER V9.54   KEY                                                                   02/08/2026 14:27:45 PAGE 1   


C51 COMPILER V9.54, COMPILATION OF MODULE KEY
OBJECT MODULE PLACED IN .\Objects\key.obj
COMPILER INVOKED BY: C:\Keil_v5\C51\BIN\C51.EXE hardware\key.c OPTIMIZE(8,SPEED) BROWSE INCDIR(.\hardware) DEBUG OBJECTE
                    -XTEND PRINT(.\Listings\key.lst) TABS(2) OBJECT(.\Objects\key.obj)

line level    source

   1          #include "key.h"
   2          
   3          sbit ROW3 = P3^2;
   4          sbit ROW4 = P3^3;
   5          sbit COL1 = P4^4;
   6          sbit COL2 = P4^2;
   7          
   8          uint8_t key_getstate(void)
   9          {
  10   1       uint8_t state = 0;
  11   1      
  12   1       ROW3 = ROW4 = COL1 = COL2 = 1;
  13   1      
  14   1       COL1 = 0;
  15   1       if(ROW4 == 0)state = 0x01 << 0;
  16   1       if(ROW3 == 0)state = 0x01 << 1;
  17   1       COL1 = 1;
  18   1      
  19   1       COL2 = 0;
  20   1       if(ROW4 == 0)state = 0x01 << 2;
  21   1       if(ROW3 == 0)state = 0x01 << 3;
  22   1       COL2 = 1;
  23   1      
  24   1       return state;  
  25   1      }


MODULE INFORMATION:   STATIC OVERLAYABLE
   CODE SIZE        =     38    ----
   CONSTANT SIZE    =   ----    ----
   XDATA SIZE       =   ----    ----
   PDATA SIZE       =   ----    ----
   DATA SIZE        =   ----    ----
   IDATA SIZE       =   ----    ----
   BIT SIZE         =   ----    ----
END OF MODULE INFORMATION.


C51 COMPILATION COMPLETE.  0 WARNING(S),  0 ERROR(S)
