C51 COMPILER V9.54   MAIN                                                                  03/05/2026 16:22:24 PAGE 1   


C51 COMPILER V9.54, COMPILATION OF MODULE MAIN
OBJECT MODULE PLACED IN .\Objects\main.obj
COMPILER INVOKED BY: C:\Keil_v5\C51\BIN\C51.EXE main.c OPTIMIZE(8,SPEED) BROWSE INCDIR(.\hardware) DEBUG OBJECTEXTEND PR
                    -INT(.\Listings\main.lst) TABS(2) OBJECT(.\Objects\main.obj)

line level    source

   1          #include <STC15F2K60S2.H>
   2          #include "seg.h"
   3          #include "led.h"
   4          #include "key.h"
   5          #include "ds1302.h"
   6          #include "iic.h"
   7          #include "onewire.h"
   8          #include "uart.h"
   9          
  10          pdata uint8_t seg_show[] = {10,10,10,10,10,10,10,10};
  11          pdata uint8_t seg_point[] = {0,0,0,0,0,0,0,0};
  12          idata uint8_t seg_index = 0;
  13          
  14          idata bit humi_mode = 0;
  15          idata uint16_t humi_3s_count = 0;
  16          idata uint8_t show_mode = 0;
  17          idata uint8_t fd_mode = 0;
  18          
  19          idata uint8_t led_state[] ={0,0,0,0,0,0,0,0};
  20          idata bit led4_flash = 0;
  21          idata uint8_t led_100ms_count = 0;
  22          
  23          idata uint8_t time[] = {13,3,5};
  24          idata uint8_t time_cap[] = {0,0,0};
  25          idata uint8_t cap_count = 0;
  26          idata uint16_t temp_aver = 0;
  27          idata uint16_t humi_aver = 0;
  28          
  29          idata uint16_t light = 0;
  30          idata bit light_state_pre = 0;
  31          idata bit light_state_cur = 0;
  32          idata uint16_t light_3s_count = 0;
  33          
  34          idata uint16_t temp = 0;
  35          idata uint16_t temp_old = 0;
  36          idata uint16_t temp_max = 0;
  37          idata uint16_t temp_limit = 30;
  38          idata bit higher_temp_flag = 0;
  39          
  40          idata uint32_t fre = 0;
  41          idata uint16_t fre_1s_count = 0;
  42          idata uint8_t humi = 0;
  43          idata uint8_t humi_old = 0;
  44          idata uint8_t humi_max = 0;
  45          idata bit humi_useful_flag = 0;
  46          
  47          idata bit cap_flag = 0;
  48          idata bit get_temp_flag = 0;
  49          idata bit get_humi_flag = 0;
  50          idata bit higher_data_flag = 0;
  51          idata bit humi_useful_led_flag = 1;
  52          
  53          idata uint16_t key_2s_count = 0;
  54          idata bit key9_press = 0;
C51 COMPILER V9.54   MAIN                                                                  03/05/2026 16:22:24 PAGE 2   

  55          
  56          idata uint8_t seg_slow = 0;
  57          idata uint8_t key_slow = 0;
  58          idata uint8_t time_slow = 0;
  59          idata uint8_t light_slow = 0;
  60          idata uint8_t temp_slow = 0;
  61          
  62          void Uart1_Init(void) //9600bps@12.000MHz
  63          {
  64   1        SCON = 0x50;    //8δΫçφïΑφç°,εè·εè‰φ≥ΔγâΙγé΅
  65   1        AUXR |= 0x01;   //δΗ≤εèΘ1ιÄâφ΄©ε°öφ½Εεô®2δΗΚφ≥ΔγâΙγé΅εèëγîüεô®
  66   1        AUXR |= 0x04;   //ε°öφ½Εεô®φ½Ει£ü1Tφ®ΓεΦè
  67   1        T2L = 0xC7;     //η°ΨγΫ°ε°öφ½Εεàùεß΄εÄΦ
  68   1        T2H = 0xFE;     //η°ΨγΫ°ε°öφ½Εεàùεß΄εÄΦ
  69   1        AUXR |= 0x10;   //ε°öφ½Εεô®2εΦÄεß΄η°Γφ½Ε
  70   1      }
  71          
  72          void time_task(void)
  73          {
  74   1        if(time_slow)return;
  75   1        time_slow = 1;
  76   1        readtime(time);
  77   1      }
  78          
  79          void temp_task(void)
  80          {
  81   1        if(temp_slow)return;
  82   1        temp_slow = 1;
  83   1        if(cap_flag)
  84   1        {
  85   2          if(!get_humi_flag)
  86   2          {
  87   3            if(fre >= 200 && fre <= 2000)
  88   3            {
  89   4                cap_count++;
  90   4                time_cap[0] = time[0];
  91   4                time_cap[1] = time[1];
  92   4                humi_useful_flag = 1;
  93   4                humi_useful_led_flag = 1;
  94   4                humi_old = humi;
  95   4                humi = 2 * fre / 45.0 + 10 / 9.0;
  96   4                if(humi > humi_max)
  97   4                {
  98   5                  humi_max = humi;
  99   5                }
 100   4                humi_aver = (humi_aver * (cap_count - 1) + humi * 10 ) / cap_count;
 101   4                get_humi_flag = 1;
 102   4            }
 103   3            else
 104   3            {
 105   4              humi_useful_flag = 0;
 106   4              humi_useful_led_flag = 0;
 107   4            }
 108   3          }
 109   2          
 110   2          if(!get_temp_flag)
 111   2          {
 112   3            temp_old = temp;
 113   3            temp = readtemp();
 114   3            if(humi_useful_flag)
 115   3            {
 116   4              if(temp > temp_max)
C51 COMPILER V9.54   MAIN                                                                  03/05/2026 16:22:24 PAGE 3   

 117   4              {
 118   5                temp_max = temp;
 119   5              }
 120   4              if(humi > humi_old && temp > temp_old)
 121   4              {
 122   5                higher_data_flag = 1;
 123   5              }
 124   4              else
 125   4              {
 126   5                higher_data_flag = 0;
 127   5              }
 128   4              temp_aver = (temp_aver * (cap_count - 1) + temp * 10 ) / cap_count; 
 129   4            }
 130   3            get_temp_flag = 1;
 131   3          }
 132   2          
 133   2          
 134   2          return;
 135   2        }
 136   1      }
 137          
 138          void light_task(void)
 139          {
 140   1        if(light_slow)return;
 141   1        light_slow = 1;
 142   1        if(cap_flag)return;
 143   1        
 144   1        light = readlight();
 145   1        
 146   1        light = light * 100 / 51.0;
 147   1        
 148   1        light_state_pre = light_state_cur;
 149   1        if(light >= 200)
 150   1        {
 151   2          light_state_cur = 0;//δΚ°
 152   2        }
 153   1        else
 154   1        {
 155   2          light_state_cur = 1;//φö½
 156   2        }
 157   1        if(light_state_cur == 1 && light_state_pre == 0)
 158   1        {
 159   2          cap_flag = 1;
 160   2        }
 161   1      }
 162          
 163          void led_task(void)
 164          {
 165   1        if(!cap_flag)
 166   1        {
 167   2          if(show_mode == 0)
 168   2          {
 169   3            led_state[0] = 1;
 170   3            led_state[1] = 0;
 171   3            led_state[2] = 0;
 172   3          }
 173   2          else if(show_mode == 1)
 174   2          {
 175   3            led_state[0] = 0;
 176   3            led_state[1] = 1;
 177   3            led_state[2] = 0;
 178   3          }
C51 COMPILER V9.54   MAIN                                                                  03/05/2026 16:22:24 PAGE 4   

 179   2          else if(show_mode == 2)
 180   2          {
 181   3            led_state[0] = 0;
 182   3            led_state[1] = 0;
 183   3            led_state[2] = 0;
 184   3          }
 185   2        }
 186   1        else
 187   1        {
 188   2          led_state[0] = 0;
 189   2          led_state[1] = 0;
 190   2          led_state[2] = 1;
 191   2        }
 192   1        
 193   1        if(temp > temp_limit)
 194   1        {
 195   2          higher_temp_flag = 1;
 196   2        }
 197   1        else
 198   1        {
 199   2          higher_temp_flag = 0;
 200   2        }
 201   1        if(higher_temp_flag)
 202   1        {
 203   2          led_state[3] = led4_flash;
 204   2        }
 205   1        else
 206   1        {
 207   2          led_state[3] = 0;
 208   2        }
 209   1        
 210   1        if(humi_useful_led_flag)
 211   1        {
 212   2          led_state[4] = 0;
 213   2        }
 214   1        else
 215   1        {
 216   2          led_state[4] = 1;
 217   2        }
 218   1        
 219   1        if(cap_count >= 2)
 220   1        {
 221   2          if(higher_data_flag)
 222   2          {
 223   3            led_state[5] = 1;
 224   3          }
 225   2          else
 226   2          {
 227   3            led_state[5] = 0;
 228   3          }
 229   2        }
 230   1      }
 231          
 232          
 233          void seg_task(void)
 234          {
 235   1        if(seg_slow)return;
 236   1        seg_slow = 1;
 237   1        if(cap_flag)
 238   1        {
 239   2          seg_point[6] = 0;
 240   2          seg_show[0] = 13;
C51 COMPILER V9.54   MAIN                                                                  03/05/2026 16:22:24 PAGE 5   

 241   2          seg_show[1] = 10;
 242   2          seg_show[2] = 10;
 243   2          if(humi_useful_flag)
 244   2          {
 245   3           seg_show[3] = temp / 10;
 246   3           seg_show[4] = temp % 10;
 247   3           seg_show[5] = 11;
 248   3           seg_show[6] = humi / 10;
 249   3           seg_show[7] = humi % 10;
 250   3          }
 251   2          else
 252   2          {
 253   3           seg_show[3] = temp / 10;
 254   3           seg_show[4] = temp % 10;
 255   3           seg_show[5] = 11;
 256   3           seg_show[6] = 16;
 257   3           seg_show[7] = 16;
 258   3          }
 259   2        }
 260   1        else
 261   1        {
 262   2          switch(show_mode)
 263   2          {
 264   3           case 0:
 265   3              seg_show[0] = time[0] / 10;
 266   3              seg_show[1] = time[0] % 10;
 267   3              seg_show[2] = 11;
 268   3              seg_show[3] = time[1] / 10;
 269   3              seg_show[4] = time[1] % 10;
 270   3              seg_show[5] = 11;
 271   3              seg_show[6] = time[2] / 10;
 272   3              seg_show[7] = time[2] % 10;
 273   3              break;
 274   3           case 1:
 275   3              switch(fd_mode)
 276   3              {
 277   4                case 0:
 278   4                  if(cap_count != 0)
 279   4                  {
 280   5                    seg_show[0] = 12;
 281   5                    seg_show[1] = 10;
 282   5                    seg_show[2] = temp_max / 10;
 283   5                    seg_show[3] = temp_max % 10;
 284   5                    seg_show[4] = 11;
 285   5                    seg_show[5] = temp_aver / 100;
 286   5                    seg_show[6] = (temp_aver / 10) % 10;
 287   5                    seg_point[6] = 1;
 288   5                    seg_show[7] = temp_aver % 10;
 289   5                  }
 290   4                  else
 291   4                  {
 292   5                    seg_show[0] = 12;
 293   5                    seg_show[1] = 10;
 294   5                    seg_show[2] = 10;
 295   5                    seg_show[3] = 10;
 296   5                    seg_show[4] = 10;
 297   5                    seg_show[5] = 10;
 298   5                    seg_show[6] = 10;
 299   5                    seg_point[6] = 0;
 300   5                    seg_show[7] = 10;
 301   5                  }
 302   4                  break;
C51 COMPILER V9.54   MAIN                                                                  03/05/2026 16:22:24 PAGE 6   

 303   4                case 1:
 304   4                  seg_show[0] = 17;
 305   4                  seg_show[1] = 10;
 306   4                  if(cap_count != 0)
 307   4                  {
 308   5                    seg_show[2] = humi_max / 10;
 309   5                    seg_show[3] = humi_max % 10;
 310   5                    seg_show[4] = 11;
 311   5                    seg_show[5] = humi_aver / 100;
 312   5                    seg_show[6] = (humi_aver / 10) % 10;
 313   5                    seg_point[6] = 1;
 314   5                    seg_show[7] = humi_aver % 10;
 315   5                  }
 316   4                  else
 317   4                  {
 318   5                    seg_show[2] = 10;
 319   5                    seg_show[3] = 10;
 320   5                    seg_show[4] = 10;
 321   5                    seg_show[5] = 10;
 322   5                    seg_show[6] = 10;
 323   5                    seg_point[6] = 0;
 324   5                    seg_show[7] = 10;
 325   5                  }
 326   4                  
 327   4                  break;
 328   4                case 2:
 329   4                  seg_show[0] = 14;
 330   4                  if(cap_count != 0)
 331   4                  {
 332   5                    seg_show[1] = cap_count / 10;
 333   5                    seg_show[2] = cap_count % 10;
 334   5                    seg_show[3] = time_cap[0]/10;
 335   5                    seg_show[4] = time_cap[0] % 10;
 336   5                    seg_show[5] = 11;
 337   5                    seg_show[6] = time_cap[1] /10;
 338   5                    seg_point[6] = 0;
 339   5                    seg_show[7] = time_cap[1] % 10;
 340   5                  }
 341   4                  else
 342   4                  {
 343   5                    seg_show[1] = cap_count / 10;
 344   5                    seg_show[2] = cap_count % 10;
 345   5                    seg_show[3] = 10;
 346   5                    seg_show[4] = 10;
 347   5                    seg_show[5] = 10;
 348   5                    seg_show[6] = 10;
 349   5                    seg_point[6] = 0;
 350   5                    seg_show[7] = 10;
 351   5                  }
 352   4                  break;
 353   4              }
 354   3              break;
 355   3           case 2:
 356   3              seg_show[0] = 15;
 357   3              seg_show[1] = 10;
 358   3              seg_show[2] = 10;
 359   3              seg_show[3] = 10;
 360   3              seg_show[4] = 10;
 361   3              seg_show[5] = 10;
 362   3              seg_show[6] = temp_limit / 10;
 363   3              seg_point[6] = 0;
 364   3              seg_show[7] = temp_limit % 10;
C51 COMPILER V9.54   MAIN                                                                  03/05/2026 16:22:24 PAGE 7   

 365   3              break;
 366   3          }
 367   2        }
 368   1        
 369   1      }
 370          
 371          void key_task(void)
 372          {
 373   1        static uint8_t key_state = 0;
 374   1        uint8_t keynum = 0;
 375   1        if(key_slow)return;
 376   1        key_slow = 1;
 377   1        key_state = key_state << 4;
 378   1        key_state |= key_getstate();
 379   1        
 380   1        if((key_state & 0x11) == 0x10)keynum = 4;
 381   1        if((key_state & 0x22) == 0x20)keynum = 5;
 382   1        if((key_state & 0x44) == 0x40)keynum = 8;
 383   1        if((key_state & 0x88) == 0x80)keynum = 9;
 384   1      
 385   1        if((key_state & 0x88) == 0x88)
 386   1        {
 387   2          key9_press = 1;
 388   2        }
 389   1        else
 390   1        {
 391   2          key9_press = 0;
 392   2        }
 393   1        if(key_2s_count >= 2000)
 394   1        {
 395   2          if(show_mode == 1 && fd_mode ==2)
 396   2          {
 397   3            cap_count = 0;
 398   3            temp = 0;
 399   3            temp_max = 0;
 400   3            temp_aver = 0;
 401   3            humi = 0;
 402   3            humi_max = 0;
 403   3            humi_aver = 0;
 404   3            time_cap[0] = 0;
 405   3            time_cap[1] = 0;
 406   3          }
 407   2        }
 408   1        switch(keynum)
 409   1        {
 410   2          case 4:
 411   2            show_mode++;
 412   2            show_mode %= 3;
 413   2            if(show_mode == 2)
 414   2            {
 415   3              fd_mode = 0;
 416   3            }
 417   2            break;
 418   2          case 5:
 419   2            if(show_mode == 1)
 420   2            {
 421   3              fd_mode++;
 422   3              fd_mode %= 3;
 423   3            }
 424   2            break;
 425   2          case 8:
 426   2            if(show_mode== 2)
C51 COMPILER V9.54   MAIN                                                                  03/05/2026 16:22:24 PAGE 8   

 427   2            {
 428   3              temp_limit++;
 429   3            }
 430   2            break;
 431   2          case 9:
 432   2            if(show_mode == 2)
 433   2            {
 434   3              temp_limit--;
 435   3            }
 436   2            break;
 437   2        }
 438   1      }
 439          void Timer0_Init(void)    //1οΩΫοΩΫοΩΫοΩΫ@12.000MHz
 440          {
 441   1        AUXR |= 0x80;     //οΩΫοΩΫ ±οΩΫοΩΫ ±οΩΫοΩΫ1TΡΘ Ϋ
 442   1        TMOD &= 0xF0;
 443   1        TMOD |= 0x04;   //οΩΫοΩΫοΩΫΟΕοΩΫ ±οΩΫοΩΫΡΘ Ϋ
 444   1        TL0 = 0x00;       //οΩΫοΩΫοΩΫΟΕοΩΫ ±οΩΫοΩΫ Φ÷Β
 445   1        TH0 = 0x00;       //οΩΫοΩΫοΩΫΟΕοΩΫ ±οΩΫοΩΫ Φ÷Β
 446   1        TF0 = 0;        //οΩΫοΩΫοΩΫTF0οΩΫοΩΫ÷Ψ
 447   1        TR0 = 1;        //οΩΫοΩΫ ±οΩΫοΩΫ0οΩΫοΩΫ ΦοΩΫοΩΫ ±
 448   1      }
 449          
 450          
 451          void Timer1_Init(void)    //1οΩΫοΩΫοΩΫοΩΫ@12.000MHz
 452          {
 453   1        AUXR |= 0x40;     //οΩΫοΩΫ ±οΩΫοΩΫ ±οΩΫοΩΫ1TΡΘ Ϋ
 454   1        TMOD &= 0x0F;     //οΩΫοΩΫοΩΫΟΕοΩΫ ±οΩΫοΩΫΡΘ Ϋ
 455   1        TL1 = 0x20;       //οΩΫοΩΫοΩΫΟΕοΩΫ ±οΩΫοΩΫ Φ÷Β
 456   1        TH1 = 0xD1;       //οΩΫοΩΫοΩΫΟΕοΩΫ ±οΩΫοΩΫ Φ÷Β
 457   1        TF1 = 0;        //οΩΫοΩΫοΩΫTF1οΩΫοΩΫ÷Ψ
 458   1        TR1 = 1;        //οΩΫοΩΫ ±οΩΫοΩΫ1οΩΫοΩΫ ΦοΩΫοΩΫ ±
 459   1        ET1 = 1;        // ΙοΩΫήΕοΩΫ ±οΩΫοΩΫ1οΩΫ–ΕοΩΫ
 460   1        EA = 1;
 461   1      }
 462          
 463          void Timer1_Isr(void) interrupt 3
 464          {
 465   1        seg_slow++;
 466   1        seg_index++;
 467   1        key_slow++;
 468   1        time_slow++;
 469   1        temp_slow++;
 470   1        light_slow++;
 471   1        
 472   1        if(cap_flag)
 473   1        {
 474   2          light_3s_count++;
 475   2          if(light_3s_count >= 3000)
 476   2          {
 477   3            cap_flag = 0;
 478   3            get_humi_flag = 0;
 479   3            get_temp_flag = 0;
 480   3            humi_useful_flag = 0;
 481   3            light_3s_count = 0;
 482   3          }
 483   2        }
 484   1        
 485   1        fre_1s_count++;
 486   1        if(fre_1s_count++ >= 1000)
 487   1        {
 488   2          TR0 = 0;
C51 COMPILER V9.54   MAIN                                                                  03/05/2026 16:22:24 PAGE 9   

 489   2          fre = (TH0 << 8) | TL0;
 490   2      
 491   2          TH0 = 0;
 492   2          TL0 = 0;
 493   2          TR0 = 1;
 494   2          fre_1s_count = 0;
 495   2        }
 496   1        
 497   1        if(key9_press)
 498   1        {
 499   2          key_2s_count++;
 500   2        }
 501   1        else
 502   1        {
 503   2          key_2s_count = 0;
 504   2        }
 505   1        
 506   1        if(higher_temp_flag)
 507   1        {
 508   2          led_100ms_count++;
 509   2        }
 510   1        else
 511   1        {
 512   2          led_100ms_count = 0;
 513   2        }
 514   1        if(led_100ms_count> 100)
 515   1        {
 516   2          led4_flash = !led4_flash;
 517   2          led_100ms_count = 0;
 518   2        }
 519   1        if(seg_slow >= 90)seg_slow = 0;
 520   1        if(seg_index >= 8)seg_index = 0;
 521   1        if(key_slow >= 20)key_slow = 0;
 522   1        if(time_slow >= 160)time_slow = 0;
 523   1        if(temp_slow >= 160)temp_slow = 0;
 524   1        if(light_slow >= 100)light_slow=0;
 525   1        
 526   1        seg_proc(seg_index,seg_show[seg_index],seg_point[seg_index]);
 527   1        led_proc(led_state);
 528   1      }
 529          
 530          void main(void)
 531          {
 532   1        Timer1_Init();
 533   1        Timer0_Init();
 534   1        Uart1_Init();
 535   1        writetime(time);
 536   1        readtemp();
 537   1        while(1)
 538   1        {
 539   2          time_task();
 540   2          seg_task();
 541   2          key_task();
 542   2          light_task();
 543   2          temp_task();
 544   2          led_task();
 545   2        }
 546   1      }


MODULE INFORMATION:   STATIC OVERLAYABLE
   CODE SIZE        =   1801    ----
C51 COMPILER V9.54   MAIN                                                                  03/05/2026 16:22:24 PAGE 10  

   CONSTANT SIZE    =   ----    ----
   XDATA SIZE       =   ----    ----
   PDATA SIZE       =     16    ----
   DATA SIZE        =      1       1
   IDATA SIZE       =     51    ----
   BIT SIZE         =     12    ----
END OF MODULE INFORMATION.


C51 COMPILATION COMPLETE.  0 WARNING(S),  0 ERROR(S)
