C51 COMPILER V9.54   ONEWIRE                                                               02/08/2026 14:52:18 PAGE 1   


C51 COMPILER V9.54, COMPILATION OF MODULE ONEWIRE
OBJECT MODULE PLACED IN .\Objects\onewire.obj
COMPILER INVOKED BY: C:\Keil_v5\C51\BIN\C51.EXE hardware\onewire.c OPTIMIZE(8,SPEED) BROWSE INCDIR(.\hardware) DEBUG OBJ
                    -ECTEXTEND PRINT(.\Listings\onewire.lst) TABS(2) OBJECT(.\Objects\onewire.obj)

line level    source

   1          /*  #   еНХжАїзЇњдї£з†БзЙЗжЃµиѓіжШО
   2            1.  жЬђжЦЗдїґе§єдЄ≠жПРдЊЫзЪДй©±еК®дї£з†БдЊЫеПВиµЫйАЙжЙЛеЃМжИРз®ЛеЇПиЃЊиЃ°еПВиАГгАВ
   3            2.  еПВиµЫйАЙжЙЛеПѓдї•иЗ™и°МзЉЦеЖЩзЫЄеЕ≥дї£з†БжИЦдї•иѓ•дї£з†БдЄЇеЯЇз°АпЉМж†єжНЃжЙАйАЙеНХзЙЗжЬЇз±їеЮЛгАБињ
             -Ри°МйАЯеЇ¶еТМиѓХйҐШ
   4              дЄ≠еѓєеНХзЙЗжЬЇжЧґйТЯйҐСзОЗзЪДи¶Бж±ВпЉМињЫи°Мдї£з†Би∞ГиѓХеТМдњЃжФєгАВ
   5          */
   6          #include "onewire.h"
   7          //
   8          sbit DQ = P1^4;
   9          
  10          void Delay_OneWire(unsigned int t)  
  11          {
  12   1        unsigned char i;
  13   1        while(t--){
  14   2          for(i=0;i<12;i++);
  15   2        }
  16   1      }
  17          
  18          //
  19          void Write_DS18B20(unsigned char dat)
  20          {
  21   1        unsigned char i;
  22   1        for(i=0;i<8;i++)
  23   1        {
  24   2          DQ = 0;
  25   2          DQ = dat&0x01;
  26   2          Delay_OneWire(5);
  27   2          DQ = 1;
  28   2          dat >>= 1;
  29   2        }
  30   1        Delay_OneWire(5);
  31   1      }
  32          
  33          //
  34          unsigned char Read_DS18B20(void)
  35          {
  36   1        unsigned char i;
  37   1        unsigned char dat;
  38   1        
  39   1        for(i=0;i<8;i++)
  40   1        {
  41   2          DQ = 0;
  42   2          dat >>= 1;
  43   2          DQ = 1;
  44   2          if(DQ)
  45   2          {
  46   3            dat |= 0x80;
  47   3          }     
  48   2          Delay_OneWire(5);
  49   2        }
  50   1        return dat;
  51   1      }
  52          
  53          //
C51 COMPILER V9.54   ONEWIRE                                                               02/08/2026 14:52:18 PAGE 2   

  54          bit init_ds18b20(void)
  55          {
  56   1          bit initflag = 0;
  57   1          
  58   1          DQ = 1;
  59   1          Delay_OneWire(12);
  60   1          DQ = 0;
  61   1          Delay_OneWire(80);
  62   1          DQ = 1;
  63   1          Delay_OneWire(10); 
  64   1          initflag = DQ;     
  65   1          Delay_OneWire(5);
  66   1        
  67   1          return initflag;
  68   1      }
  69          
  70          float readtemp(void)
  71          {
  72   1        uint8_t temp_l = 0;
  73   1        uint8_t temp_h = 0;
  74   1        init_ds18b20();
  75   1        Write_DS18B20(0xcc);
  76   1        Write_DS18B20(0x44);
  77   1        
  78   1        init_ds18b20();
  79   1        Write_DS18B20(0xcc);
  80   1        Write_DS18B20(0xbe);
  81   1       
  82   1        temp_l = Read_DS18B20();
  83   1        temp_h = Read_DS18B20();
  84   1        
  85   1        return ((temp_h << 8) | temp_l )*0.0625;
  86   1      }


MODULE INFORMATION:   STATIC OVERLAYABLE
   CODE SIZE        =    177    ----
   CONSTANT SIZE    =   ----    ----
   XDATA SIZE       =   ----    ----
   PDATA SIZE       =   ----    ----
   DATA SIZE        =   ----    ----
   IDATA SIZE       =   ----    ----
   BIT SIZE         =   ----       1
END OF MODULE INFORMATION.


C51 COMPILATION COMPLETE.  0 WARNING(S),  0 ERROR(S)
